This is pdfTeX, Version 3.1415926-2.4-1.40.13 (TeX Live 2012/Debian) (format=pdflatex 2013.1.14)  9 DEC 2013 17:05
entering extended mode
 restricted \write18 enabled.
 %&-line parsing enabled.
**pReading3.tex
(./pReading3.tex
LaTeX2e <2011/06/27>
Babel <v3.8m> and hyphenation patterns for english, dumylang, nohyphenation, et
hiopic, farsi, arabic, pinyin, croatian, bulgarian, ukrainian, russian, slovak,
 czech, danish, dutch, usenglishmax, ukenglish, finnish, french, basque, ngerma
n, german, swissgerman, ngerman-x-2012-05-30, german-x-2012-05-30, monogreek, g
reek, ibycus, ancientgreek, hungarian, bengali, tamil, hindi, telugu, gujarati,
 sanskrit, malayalam, kannada, assamese, marathi, oriya, panjabi, italian, lati
n, latvian, lithuanian, mongolian, mongolianlmc, nynorsk, bokmal, indonesian, e
speranto, coptic, welsh, irish, interlingua, serbian, serbianc, slovenian, friu
lan, romansh, estonian, romanian, armenian, uppersorbian, turkish, afrikaans, i
celandic, kurmanji, polish, portuguese, galician, catalan, spanish, swedish, th
ai, loaded.
(/usr/share/texlive/texmf-dist/tex/latex/base/article.cls
Document Class: article 2007/10/19 v1.4h Standard LaTeX document class
(/usr/share/texlive/texmf-dist/tex/latex/base/size12.clo
File: size12.clo 2007/10/19 v1.4h Standard LaTeX file (size option)
)
\c@part=\count79
\c@section=\count80
\c@subsection=\count81
\c@subsubsection=\count82
\c@paragraph=\count83
\c@subparagraph=\count84
\c@figure=\count85
\c@table=\count86
\abovecaptionskip=\skip41
\belowcaptionskip=\skip42
\bibindent=\dimen102
)
(/usr/share/texmf/tex/latex/CJK/CJK.sty
Package: CJK 2012/05/07 4.8.3

(/usr/share/texmf/tex/latex/CJK/mule/MULEenc.sty
Package: MULEenc 2012/05/07 4.8.3
)
(/usr/share/texmf/tex/latex/CJK/CJK.enc
File: CJK.enc 2012/05/07 4.8.3
)
LaTeX Info: Redefining \selectfont on input line 755.
\CJK@indent=\box26
) (./pReading3.aux)
\openout1 = `pReading3.aux'.

LaTeX Font Info:    Checking defaults for OML/cmm/m/it on input line 6.
LaTeX Font Info:    ... okay on input line 6.
LaTeX Font Info:    Checking defaults for T1/cmr/m/n on input line 6.
LaTeX Font Info:    ... okay on input line 6.
LaTeX Font Info:    Checking defaults for OT1/cmr/m/n on input line 6.
LaTeX Font Info:    ... okay on input line 6.
LaTeX Font Info:    Checking defaults for OMS/cmsy/m/n on input line 6.
LaTeX Font Info:    ... okay on input line 6.
LaTeX Font Info:    Checking defaults for OMX/cmex/m/n on input line 6.
LaTeX Font Info:    ... okay on input line 6.
LaTeX Font Info:    Checking defaults for U/cmr/m/n on input line 6.
LaTeX Font Info:    ... okay on input line 6.
LaTeX Font Info:    Checking defaults for C00/song/m/n on input line 6.
LaTeX Font Info:    ... okay on input line 6.
LaTeX Font Info:    Checking defaults for C05/song/m/n on input line 6.
LaTeX Font Info:    ... okay on input line 6.
LaTeX Font Info:    Checking defaults for C09/song/m/n on input line 6.
LaTeX Font Info:    ... okay on input line 6.
LaTeX Font Info:    Checking defaults for C10/song/m/n on input line 6.
LaTeX Font Info:    ... okay on input line 6.
LaTeX Font Info:    Checking defaults for C20/song/m/n on input line 6.
LaTeX Font Info:    ... okay on input line 6.
LaTeX Font Info:    Checking defaults for C19/song/m/n on input line 6.
LaTeX Font Info:    ... okay on input line 6.
LaTeX Font Info:    Checking defaults for C40/song/m/n on input line 6.
LaTeX Font Info:    ... okay on input line 6.
LaTeX Font Info:    Checking defaults for C42/song/m/n on input line 6.
LaTeX Font Info:    ... okay on input line 6.
LaTeX Font Info:    Checking defaults for C43/song/m/n on input line 6.
LaTeX Font Info:    ... okay on input line 6.
LaTeX Font Info:    Checking defaults for C50/song/m/n on input line 6.
LaTeX Font Info:    ... okay on input line 6.
LaTeX Font Info:    Checking defaults for C52/song/m/n on input line 6.
LaTeX Font Info:    ... okay on input line 6.
LaTeX Font Info:    Checking defaults for C49/song/m/n on input line 6.
LaTeX Font Info:    ... okay on input line 6.
LaTeX Font Info:    Checking defaults for C60/mj/m/n on input line 6.
LaTeX Font Info:    ... okay on input line 6.
LaTeX Font Info:    Checking defaults for C61/mj/m/n on input line 6.
LaTeX Font Info:    ... okay on input line 6.
LaTeX Font Info:    Checking defaults for C63/mj/m/n on input line 6.
LaTeX Font Info:    ... okay on input line 6.
LaTeX Font Info:    Checking defaults for C64/mj/m/n on input line 6.
LaTeX Font Info:    ... okay on input line 6.
LaTeX Font Info:    Checking defaults for C65/mj/m/n on input line 6.
LaTeX Font Info:    ... okay on input line 6.
LaTeX Font Info:    Checking defaults for C70/song/m/n on input line 6.
LaTeX Font Info:    ... okay on input line 6.
LaTeX Font Info:    Checking defaults for C31/song/m/n on input line 6.
LaTeX Font Info:    ... okay on input line 6.
LaTeX Font Info:    Checking defaults for C32/song/m/n on input line 6.
LaTeX Font Info:    ... okay on input line 6.
LaTeX Font Info:    Checking defaults for C33/song/m/n on input line 6.
LaTeX Font Info:    ... okay on input line 6.
LaTeX Font Info:    Checking defaults for C34/song/m/n on input line 6.
LaTeX Font Info:    ... okay on input line 6.
LaTeX Font Info:    Checking defaults for C35/song/m/n on input line 6.
LaTeX Font Info:    ... okay on input line 6.
LaTeX Font Info:    Checking defaults for C36/song/m/n on input line 6.
LaTeX Font Info:    ... okay on input line 6.
LaTeX Font Info:    Checking defaults for C37/song/m/n on input line 6.
LaTeX Font Info:    ... okay on input line 6.
LaTeX Font Info:    Checking defaults for C80/song/m/n on input line 6.
LaTeX Font Info:    ... okay on input line 6.
LaTeX Font Info:    Checking defaults for C81/song/m/n on input line 6.
LaTeX Font Info:    ... okay on input line 6.
LaTeX Font Info:    Checking defaults for C01/song/m/n on input line 6.
LaTeX Font Info:    ... okay on input line 6.
LaTeX Font Info:    Checking defaults for C11/song/m/n on input line 6.
LaTeX Font Info:    ... okay on input line 6.
LaTeX Font Info:    Checking defaults for C21/song/m/n on input line 6.
LaTeX Font Info:    ... okay on input line 6.
LaTeX Font Info:    Checking defaults for C41/song/m/n on input line 6.
LaTeX Font Info:    ... okay on input line 6.
LaTeX Font Info:    Checking defaults for C62/song/m/n on input line 6.
LaTeX Font Info:    ... okay on input line 6.
LaTeX Font Info:    External font `cmex10' loaded for size
(Font)              <14.4> on input line 8.
LaTeX Font Info:    External font `cmex10' loaded for size
(Font)              <7> on input line 8.


LaTeX Warning: No \author given.

(/usr/share/texmf/tex/latex/CJK/UTF8/UTF8.bdg
File: UTF8.bdg 2012/05/07 4.8.3
)
(/usr/share/texmf/tex/latex/CJK/UTF8/UTF8.enc
File: UTF8.enc 2012/05/07 4.8.3
)
(/usr/share/texmf/tex/latex/CJK/UTF8/UTF8.chr
File: UTF8.chr 2012/05/07 4.8.3
)
LaTeX Font Info:    Try loading font information for C70+bkai on input line 12.


(/usr/share/texmf/tex/latex/CJK/UTF8/c70bkai.fd
File: c70gkai.fd 2008/10/03 4.8.1
)
(/usr/share/texmf/tex/latex/CJK/UTF8/c70bkai.fdx
File: c70bkai.fdx 2008/12/29 4.8.2
)
Underfull \hbox (badness 10000) in paragraph at lines 14--15

 []

LaTeX Font Info:    External font `cmex10' loaded for size
(Font)              <12> on input line 16.
LaTeX Font Info:    External font `cmex10' loaded for size
(Font)              <8> on input line 16.
LaTeX Font Info:    External font `cmex10' loaded for size
(Font)              <6> on input line 16.

Underfull \hbox (badness 10000) in paragraph at lines 16--18

 []


Underfull \hbox (badness 10000) in paragraph at lines 32--33

 []


Underfull \hbox (badness 10000) in paragraph at lines 45--46

 []

[1

{/var/lib/texmf/fonts/map/pdftex/updmap/pdftex.map}]
Underfull \hbox (badness 10000) in paragraph at lines 49--51

 []


Underfull \hbox (badness 10000) in paragraph at lines 54--59

 []


Underfull \hbox (badness 10000) in paragraph at lines 70--72

 []

[2] (./pReading3.aux) ) 
Here is how much of TeX's memory you used:
 1710 strings out of 493485
 21970 string characters out of 3143526
 68714 words of memory out of 3000000
 5006 multiletter control sequences out of 15000+200000
 24993 words of font info for 88 fonts, out of 3000000 for 9000
 957 hyphenation exceptions out of 8191
 24i,6n,24p,179b,405s stack positions out of 5000i,500n,10000p,200000b,50000s
</usr/share/texmf/fonts/type1/arphic/bkaiu/bkaiu30.pfb><
/usr/share/texmf/fonts/type1/arphic/bkaiu/bkaiu4e.pfb></usr/share/texmf/fonts/t
ype1/arphic/bkaiu/bkaiu4f.pfb></usr/share/texmf/fonts/type1/arphic/bkaiu/bkaiu5
0.pfb></usr/share/texmf/fonts/type1/arphic/bkaiu/bkaiu51.pfb></usr/share/texmf/
fonts/type1/arphic/bkaiu/bkaiu52.pfb></usr/share/texmf/fonts/type1/arphic/bkaiu
/bkaiu53.pfb></usr/share/texmf/fonts/type1/arphic/bkaiu/bkaiu54.pfb></usr/share
/texmf/fonts/type1/arphic/bkaiu/bkaiu55.pfb></usr/share/texmf/fonts/type1/arphi
c/bkaiu/bkaiu56.pfb></usr/share/texmf/fonts/type1/arphic/bkaiu/bkaiu57.pfb></us
r/share/texmf/fonts/type1/arphic/bkaiu/bkaiu59.pfb></usr/share/texmf/fonts/type
1/arphic/bkaiu/bkaiu5b.pfb></usr/share/texmf/fonts/type1/arphic/bkaiu/bkaiu5c.p
fb></usr/share/texmf/fonts/type1/arphic/bkaiu/bkaiu5e.pfb></usr/share/texmf/fon
ts/type1/arphic/bkaiu/bkaiu5f.pfb></usr/share/texmf/fonts/type1/arphic/bkaiu/bk
aiu60.pfb></usr/share/texmf/fonts/type1/arphic/bkaiu/bkaiu61.pfb></usr/share/te
xmf/fonts/type1/arphic/bkaiu/bkaiu62.pfb></usr/share/texmf/fonts/type1/arphic/b
kaiu/bkaiu63.pfb></usr/share/texmf/fonts/type1/arphic/bkaiu/bkaiu64.pfb></usr/s
hare/texmf/fonts/type1/arphic/bkaiu/bkaiu65.pfb></usr/share/texmf/fonts/type1/a
rphic/bkaiu/bkaiu66.pfb></usr/share/texmf/fonts/type1/arphic/bkaiu/bkaiu67.pfb>
</usr/share/texmf/fonts/type1/arphic/bkaiu/bkaiu68.pfb></usr/share/texmf/fonts/
type1/arphic/bkaiu/bkaiu6a.pfb></usr/share/texmf/fonts/type1/arphic/bkaiu/bkaiu
6b.pfb></usr/share/texmf/fonts/type1/arphic/bkaiu/bkaiu6c.pfb></usr/share/texmf
/fonts/type1/arphic/bkaiu/bkaiu70.pfb></usr/share/texmf/fonts/type1/arphic/bkai
u/bkaiu71.pfb></usr/share/texmf/fonts/type1/arphic/bkaiu/bkaiu72.pfb></usr/shar
e/texmf/fonts/type1/arphic/bkaiu/bkaiu73.pfb></usr/share/texmf/fonts/type1/arph
ic/bkaiu/bkaiu75.pfb></usr/share/texmf/fonts/type1/arphic/bkaiu/bkaiu76.pfb></u
sr/share/texmf/fonts/type1/arphic/bkaiu/bkaiu79.pfb></usr/share/texmf/fonts/typ
e1/arphic/bkaiu/bkaiu7a.pfb></usr/share/texmf/fonts/type1/arphic/bkaiu/bkaiu7b.
pfb></usr/share/texmf/fonts/type1/arphic/bkaiu/bkaiu7d.pfb></usr/share/texmf/fo
nts/type1/arphic/bkaiu/bkaiu7f.pfb></usr/share/texmf/fonts/type1/arphic/bkaiu/b
kaiu80.pfb></usr/share/texmf/fonts/type1/arphic/bkaiu/bkaiu81.pfb></usr/share/t
exmf/fonts/type1/arphic/bkaiu/bkaiu82.pfb></usr/share/texmf/fonts/type1/arphic/
bkaiu/bkaiu84.pfb></usr/share/texmf/fonts/type1/arphic/bkaiu/bkaiu89.pfb></usr/
share/texmf/fonts/type1/arphic/bkaiu/bkaiu8a.pfb></usr/share/texmf/fonts/type1/
arphic/bkaiu/bkaiu8b.pfb></usr/share/texmf/fonts/type1/arphic/bkaiu/bkaiu8c.pfb
></usr/share/texmf/fonts/type1/arphic/bkaiu/bkaiu8d.pfb></usr/share/texmf/fonts
/type1/arphic/bkaiu/bkaiu8f.pfb></usr/share/texmf/fonts/type1/arphic/bkaiu/bkai
u90.pfb></usr/share/texmf/fonts/type1/arphic/bkaiu/bkaiu91.pfb></usr/share/texm
f/fonts/type1/arphic/bkaiu/bkaiu94.pfb></usr/share/texmf/fonts/type1/arphic/bka
iu/bkaiu95.pfb></usr/share/texmf/fonts/type1/arphic/bkaiu/bkaiu96.pfb></usr/sha
re/texmf/fonts/type1/arphic/bkaiu/bkaiu97.pfb></usr/share/texmf/fonts/type1/arp
hic/bkaiu/bkaiu98.pfb></usr/share/texmf/fonts/type1/arphic/bkaiu/bkaiu9e.pfb></
usr/share/texmf/fonts/type1/arphic/bkaiu/bkaiuff.pfb></usr/share/texlive/texmf-
dist/fonts/type1/public/amsfonts/cm/cmbx12.pfb></usr/share/texlive/texmf-dist/f
onts/type1/public/amsfonts/cm/cmmi12.pfb></usr/share/texlive/texmf-dist/fonts/t
ype1/public/amsfonts/cm/cmmi8.pfb></usr/share/texlive/texmf-dist/fonts/type1/pu
blic/amsfonts/cm/cmr12.pfb></usr/share/texlive/texmf-dist/fonts/type1/public/am
sfonts/cm/cmr8.pfb></usr/share/texlive/texmf-dist/fonts/type1/public/amsfonts/c
m/cmsy10.pfb></usr/share/texlive/texmf-dist/fonts/type1/public/amsfonts/cm/cmti
12.pfb>
Output written on pReading3.pdf (2 pages, 301911 bytes).
PDF statistics:
 273 PDF objects out of 1000 (max. 8388607)
 201 compressed objects within 3 object streams
 0 named destinations out of 1000 (max. 500000)
 1 words of extra memory for PDF output out of 10000 (max. 10000000)

